0 info it worked if it ends with ok
1 verbose cli [ '/usr/local/bin/node',
1 verbose cli   '/usr/local/bin/npm',
1 verbose cli   'run-script',
1 verbose cli   'migrate_heroku' ]
2 info using npm@2.14.20
3 info using node@v4.4.0
4 verbose run-script [ 'premigrate_heroku', 'migrate_heroku', 'postmigrate_heroku' ]
5 info premigrate_heroku quiz@0.0.0
6 info migrate_heroku quiz@0.0.0
7 verbose unsafe-perm in lifecycle true
8 info quiz@0.0.0 Failed to exec migrate_heroku script
9 verbose stack Error: quiz@0.0.0 migrate_heroku: `heroku run ./node_modules/.bin/sequelize db:migrate --url \$DATABASE_URL`
9 verbose stack Exit status 1
9 verbose stack     at EventEmitter.<anonymous> (/usr/local/lib/node_modules/npm/lib/utils/lifecycle.js:214:16)
9 verbose stack     at emitTwo (events.js:87:13)
9 verbose stack     at EventEmitter.emit (events.js:172:7)
9 verbose stack     at ChildProcess.<anonymous> (/usr/local/lib/node_modules/npm/lib/utils/spawn.js:24:14)
9 verbose stack     at emitTwo (events.js:87:13)
9 verbose stack     at ChildProcess.emit (events.js:172:7)
9 verbose stack     at maybeClose (internal/child_process.js:827:16)
9 verbose stack     at Process.ChildProcess._handle.onexit (internal/child_process.js:211:5)
10 verbose pkgid quiz@0.0.0
11 verbose cwd /Users/nacho/Desktop/Universidad/3ยบ/CORE/mis_proyectos/quiz
12 error Darwin 15.4.0
13 error argv "/usr/local/bin/node" "/usr/local/bin/npm" "run-script" "migrate_heroku"
14 error node v4.4.0
15 error npm  v2.14.20
16 error code ELIFECYCLE
17 error quiz@0.0.0 migrate_heroku: `heroku run ./node_modules/.bin/sequelize db:migrate --url \$DATABASE_URL`
17 error Exit status 1
18 error Failed at the quiz@0.0.0 migrate_heroku script 'heroku run ./node_modules/.bin/sequelize db:migrate --url \$DATABASE_URL'.
18 error This is most likely a problem with the quiz package,
18 error not with npm itself.
18 error Tell the author that this fails on your system:
18 error     heroku run ./node_modules/.bin/sequelize db:migrate --url \$DATABASE_URL
18 error You can get information on how to open an issue for this project with:
18 error     npm bugs quiz
18 error Or if that isn't available, you can get their info via:
18 error
18 error     npm owner ls quiz
18 error There is likely additional logging output above.
19 verbose exit [ 1, true ]
